<?xml version="1.0" encoding="UTF-8"?>
<testng-results ignored="0" total="1" passed="1" failed="0" skipped="0">
  <reporter-output>
  </reporter-output>
  <suite started-at="2025-06-27T18:39:32 IST" name="Surefire suite" finished-at="2025-06-27T18:39:35 IST" duration-ms="3072">
    <groups>
    </groups>
    <test started-at="2025-06-27T18:39:32 IST" name="Surefire test" finished-at="2025-06-27T18:39:35 IST" duration-ms="3072">
      <class name="com.api.tests.FlightGraphQLTest">
        <test-method signature="testFlightQueryBasic()[pri:0, instance:com.api.tests.FlightGraphQLTest@4034c28c]" started-at="2025-06-27T18:39:32 IST" name="testFlightQueryBasic" finished-at="2025-06-27T18:39:35 IST" duration-ms="3012" status="PASS">
          <reporter-output>
          </reporter-output>
        </test-method> <!-- testFlightQueryBasic -->
      </class> <!-- com.api.tests.FlightGraphQLTest -->
    </test> <!-- Surefire test -->
  </suite> <!-- Surefire suite -->
</testng-results>
