<?xml version="1.0" encoding="UTF-8"?>
<testng-results ignored="0" total="1" passed="1" failed="0" skipped="0">
  <reporter-output>
  </reporter-output>
  <suite started-at="2025-06-30T13:47:05 IST" name="Regression Suite" finished-at="2025-06-30T13:47:08 IST" duration-ms="3166">
    <groups>
      <group name="regression">
        <method signature="FlightGraphQLTest.testFlightQueryBasic()[pri:0, instance:com.api.tests.FlightGraphQLTest@3c419631]" name="testFlightQueryBasic" class="com.api.tests.FlightGraphQLTest"/>
      </group> <!-- regression -->
    </groups>
    <test started-at="2025-06-30T13:47:05 IST" name="Regression Tests" finished-at="2025-06-30T13:47:08 IST" duration-ms="3166">
      <class name="com.api.tests.FlightGraphQLTest">
        <test-method signature="testFlightQueryBasic()[pri:0, instance:com.api.tests.FlightGraphQLTest@3c419631]" started-at="2025-06-30T13:47:05 IST" name="testFlightQueryBasic" finished-at="2025-06-30T13:47:08 IST" duration-ms="3126" status="PASS">
          <reporter-output>
          </reporter-output>
        </test-method> <!-- testFlightQueryBasic -->
      </class> <!-- com.api.tests.FlightGraphQLTest -->
    </test> <!-- Regression Tests -->
  </suite> <!-- Regression Suite -->
</testng-results>
